0 info it worked if it ends with ok
1 verbose cli [ 'C:\\node\\nodejs\\node.exe',
1 verbose cli   'C:\\node\\npm-global\\node_modules\\cnpm\\node_modules\\npm\\bin\\npm-cli.js',
1 verbose cli   '--userconfig=C:\\Users\\Administrator\\.cnpmrc',
1 verbose cli   '--disturl=https://npm.taobao.org/mirrors/node',
1 verbose cli   '--registry=https://registry.npm.taobao.org',
1 verbose cli   'run',
1 verbose cli   'gulp' ]
2 info using npm@3.8.3
3 info using node@v5.9.1
4 verbose stack Error: missing script: gulp
4 verbose stack     at run (C:\node\npm-global\node_modules\cnpm\node_modules\npm\lib\run-script.js:147:19)
4 verbose stack     at C:\node\npm-global\node_modules\cnpm\node_modules\npm\lib\run-script.js:57:5
4 verbose stack     at C:\node\npm-global\node_modules\cnpm\node_modules\npm\node_modules\read-package-json\read-json.js:345:5
4 verbose stack     at checkBinReferences_ (C:\node\npm-global\node_modules\cnpm\node_modules\npm\node_modules\read-package-json\read-json.js:309:45)
4 verbose stack     at final (C:\node\npm-global\node_modules\cnpm\node_modules\npm\node_modules\read-package-json\read-json.js:343:3)
4 verbose stack     at then (C:\node\npm-global\node_modules\cnpm\node_modules\npm\node_modules\read-package-json\read-json.js:113:5)
4 verbose stack     at ReadFileContext.<anonymous> (C:\node\npm-global\node_modules\cnpm\node_modules\npm\node_modules\read-package-json\read-json.js:284:20)
4 verbose stack     at ReadFileContext.callback (C:\node\npm-global\node_modules\cnpm\node_modules\npm\node_modules\graceful-fs\graceful-fs.js:78:16)
4 verbose stack     at FSReqWrap.readFileAfterOpen [as oncomplete] (fs.js:324:13)
5 verbose cwd D:\workspace\coding\qianduan\angularApp\back-angular\master
6 error Windows_NT 6.1.7601
7 error argv "C:\\node\\nodejs\\node.exe" "C:\\node\\npm-global\\node_modules\\cnpm\\node_modules\\npm\\bin\\npm-cli.js" "--userconfig=C:\\Users\\Administrator\\.cnpmrc" "--disturl=https://npm.taobao.org/mirrors/node" "--registry=https://registry.npm.taobao.org" "run" "gulp"
8 error node v5.9.1
9 error npm  v3.8.3
10 error missing script: gulp
11 error If you need help, you may report this error at:
11 error     <https://github.com/npm/npm/issues>
12 verbose exit [ 1, true ]
